#
# There is insufficient memory for the Java Runtime Environment to continue.
# Native memory allocation (mmap) failed to map 132120576 bytes for G1 virtual space
# Possible reasons:
#   The system is out of physical RAM or swap space
#   The process is running with CompressedOops enabled, and the Java Heap may be blocking the growth of the native heap
# Possible solutions:
#   Reduce memory load on the system
#   Increase physical memory or swap space
#   Check if swap backing store is full
#   Decrease Java heap size (-Xmx/-Xms)
#   Decrease number of Java threads
#   Decrease Java thread stack sizes (-Xss)
#   Set larger code cache with -XX:ReservedCodeCacheSize=
#   JVM is running with Unscaled Compressed Oops mode in which the Java heap is
#     placed in the first 4GB address space. The Java Heap base address is the
#     maximum limit for the native heap growth. Please use -XX:HeapBaseMinAddress
#     to set the Java Heap base and to place the Java Heap above 4GB virtual address.
# This output file may be truncated or incomplete.
#
#  Out of Memory Error (os_windows.cpp:3550), pid=18992, tid=21576
#
# JRE version:  (17.0.8+9) (build )
# Java VM: Java HotSpot(TM) 64-Bit Server VM (17.0.8+9-LTS-211, mixed mode, sharing, tiered, compressed oops, compressed class ptrs, g1 gc, windows-amd64)
# No core dump will be written. Minidumps are not enabled by default on client versions of Windows
#

---------------  S U M M A R Y ------------

Command Line: -Dfile.encoding=UTF-8 --module-path=C:\Users\Lenovo\Documents\NetBeansProjects\Hotel Management System\build\classes hotel.management.system.Checkout

Host: 11th Gen Intel(R) Core(TM) i5-1135G7 @ 2.40GHz, 8 cores, 7G,  Windows 11 , 64 bit Build 22621 (10.0.22621.4391)
Time: Tue Nov 26 23:15:24 2024 Bangladesh Standard Time elapsed time: 0.010666 seconds (0d 0h 0m 0s)

---------------  T H R E A D  ---------------

Current thread (0x00000265327c02a0):  JavaThread "Unknown thread" [_thread_in_vm, id=21576, stack(0x000000d114300000,0x000000d114400000)]

Stack: [0x000000d114300000,0x000000d114400000]
Native frames: (J=compiled Java code, j=interpreted, Vv=VM code, C=native code)
V  [jvm.dll+0x677d0a]
V  [jvm.dll+0x7d8c54]
V  [jvm.dll+0x7da3fe]
V  [jvm.dll+0x7daa63]
V  [jvm.dll+0x245c5f]
V  [jvm.dll+0x674bb9]
V  [jvm.dll+0x6694f2]
V  [jvm.dll+0x3031d6]
V  [jvm.dll+0x30a756]
V  [jvm.dll+0x359f9e]
V  [jvm.dll+0x35a1cf]
V  [jvm.dll+0x2da3e8]
V  [jvm.dll+0x2db354]
V  [jvm.dll+0x7aa711]
V  [jvm.dll+0x367b51]
V  [jvm.dll+0x789979]
V  [jvm.dll+0x3eb05f]
V  [jvm.dll+0x3ecae1]
C  [jli.dll+0x5297]
C  [ucrtbase.dll+0x29333]
C  [KERNEL32.DLL+0x1259d]
C  [ntdll.dll+0x5af38]


---------------  P R O C E S S  ---------------

Threads class SMR info:
_java_thread_list=0x00007ffb98fe59d8, length=0, elements={
}

Java Threads: ( => current thread )

Other Threads:
  0x000002653281c660 GCTaskThread "GC Thread#0" [stack: 0x000000d114400000,0x000000d114500000] [id=28724]
  0x000002653282cf60 ConcurrentGCThread "G1 Main Marker" [stack: 0x000000d114500000,0x000000d114600000] [id=29768]
  0x000002653282d970 ConcurrentGCThread "G1 Conc#0" [stack: 0x000000d114600000,0x000000d114700000] [id=30408]

[error occurred during error reporting (printing all threads), id 0xc0000005, EXCEPTION_ACCESS_VIOLATION (0xc0000005) at pc=0x00007ffb9881b047]

VM state: not at safepoint (not fully initialized)

VM Mutex/Monitor currently owned by a thread:  ([mutex/lock_event])
[0x00000265327bd430] Heap_lock - owner thread: 0x00000265327c02a0

Heap address: 0x0000000083200000, size: 1998 MB, Compressed Oops mode: 32-bit

CDS archive(s) mapped at: [0x0000000000000000-0x0000000000000000-0x0000000000000000), size 0, SharedBaseAddress: 0x0000000800000000, ArchiveRelocationMode: 1.
Narrow klass base: 0x0000000000000000, Narrow klass shift: 0, Narrow klass range: 0x0

GC Precious Log:
<Empty>

Heap:
 garbage-first heap   total 0K, used 0K [0x0000000083200000, 0x0000000100000000)
  region size 1024K, 0 young (0K), 0 survivors (0K)

[error occurred during error reporting (printing heap information), id 0xc0000005, EXCEPTION_ACCESS_VIOLATION (0xc0000005) at pc=0x00007ffb98c01499]

GC Heap History (0 events):
No events

Deoptimization events (0 events):
No events

Classes unloaded (0 events):
No events

Classes redefined (0 events):
No events

Internal exceptions (0 events):
No events

VM Operations (0 events):
No events

Events (1 events):
Event: 0.006 Loaded shared library C:\Program Files\Java\jdk-17\bin\java.dll


Dynamic libraries:
0x00007ff6b5e50000 - 0x00007ff6b5e60000 	C:\Program Files\Java\jdk-17\bin\java.exe
0x00007ffc16e10000 - 0x00007ffc17027000 	C:\WINDOWS\SYSTEM32\ntdll.dll
0x00007ffc15980000 - 0x00007ffc15a44000 	C:\WINDOWS\System32\KERNEL32.DLL
0x00007ffc14230000 - 0x00007ffc145ea000 	C:\WINDOWS\System32\KERNELBASE.dll
0x00007ffc147c0000 - 0x00007ffc148d1000 	C:\WINDOWS\System32\ucrtbase.dll
0x00007ffc0bf40000 - 0x00007ffc0bf5b000 	C:\Program Files\Java\jdk-17\bin\VCRUNTIME140.dll
0x00007ffc0b3c0000 - 0x00007ffc0b3d9000 	C:\Program Files\Java\jdk-17\bin\jli.dll
0x00007ffc16910000 - 0x00007ffc169c2000 	C:\WINDOWS\System32\ADVAPI32.dll
0x00007ffc16b30000 - 0x00007ffc16bd7000 	C:\WINDOWS\System32\msvcrt.dll
0x00007ffc15dc0000 - 0x00007ffc15e67000 	C:\WINDOWS\System32\sechost.dll
0x00007ffc14af0000 - 0x00007ffc14b18000 	C:\WINDOWS\System32\bcrypt.dll
0x00007ffc15c60000 - 0x00007ffc15d74000 	C:\WINDOWS\System32\RPCRT4.dll
0x00007ffc15e80000 - 0x00007ffc1602e000 	C:\WINDOWS\System32\USER32.dll
0x00007ffc14790000 - 0x00007ffc147b6000 	C:\WINDOWS\System32\win32u.dll
0x00007ffbfb190000 - 0x00007ffbfb422000 	C:\WINDOWS\WinSxS\amd64_microsoft.windows.common-controls_6595b64144ccf1df_6.0.22621.4541_none_2710d1c57384c085\COMCTL32.dll
0x00007ffc16be0000 - 0x00007ffc16c09000 	C:\WINDOWS\System32\GDI32.dll
0x00007ffc14670000 - 0x00007ffc1478b000 	C:\WINDOWS\System32\gdi32full.dll
0x00007ffc148e0000 - 0x00007ffc1497a000 	C:\WINDOWS\System32\msvcp_win.dll
0x00007ffc0d3f0000 - 0x00007ffc0d3fa000 	C:\WINDOWS\SYSTEM32\VERSION.dll
0x00007ffc15d80000 - 0x00007ffc15db1000 	C:\WINDOWS\System32\IMM32.DLL
0x00007ffc0bec0000 - 0x00007ffc0becc000 	C:\Program Files\Java\jdk-17\bin\vcruntime140_1.dll
0x00007ffbf2fc0000 - 0x00007ffbf304e000 	C:\Program Files\Java\jdk-17\bin\msvcp140.dll
0x00007ffb98530000 - 0x00007ffb9910e000 	C:\Program Files\Java\jdk-17\bin\server\jvm.dll
0x00007ffc168b0000 - 0x00007ffc168b8000 	C:\WINDOWS\System32\PSAPI.DLL
0x00007ffc0bf80000 - 0x00007ffc0bf89000 	C:\WINDOWS\SYSTEM32\WSOCK32.dll
0x00007ffc05140000 - 0x00007ffc05174000 	C:\WINDOWS\SYSTEM32\WINMM.dll
0x00007ffc15550000 - 0x00007ffc155c1000 	C:\WINDOWS\System32\WS2_32.dll
0x00007ffc13130000 - 0x00007ffc13148000 	C:\WINDOWS\SYSTEM32\kernel.appcore.dll
0x00007ffc0be00000 - 0x00007ffc0be0a000 	C:\Program Files\Java\jdk-17\bin\jimage.dll
0x00007ffc0fe60000 - 0x00007ffc10092000 	C:\WINDOWS\SYSTEM32\DBGHELP.DLL
0x00007ffc151c0000 - 0x00007ffc1554f000 	C:\WINDOWS\System32\combase.dll
0x00007ffc158a0000 - 0x00007ffc15977000 	C:\WINDOWS\System32\OLEAUT32.dll
0x00007ffc0c8f0000 - 0x00007ffc0c922000 	C:\WINDOWS\SYSTEM32\dbgcore.DLL
0x00007ffc145f0000 - 0x00007ffc1466b000 	C:\WINDOWS\System32\bcryptPrimitives.dll
0x00007ffc0be40000 - 0x00007ffc0be65000 	C:\Program Files\Java\jdk-17\bin\java.dll

dbghelp: loaded successfully - version: 4.0.5 - missing functions: none
symbol engine: initialized successfully - sym options: 0x614 - pdb path: .;C:\Program Files\Java\jdk-17\bin;C:\WINDOWS\SYSTEM32;C:\WINDOWS\WinSxS\amd64_microsoft.windows.common-controls_6595b64144ccf1df_6.0.22621.4541_none_2710d1c57384c085;C:\Program Files\Java\jdk-17\bin\server

VM Arguments:
jvm_args: -Dfile.encoding=UTF-8 --module-path=C:\Users\Lenovo\Documents\NetBeansProjects\Hotel Management System\build\classes 
java_command: hotel.management.system.Checkout
java_class_path (initial): C:\Users\Lenovo\Downloads\mysql-connector-java-8.0.28.jar;C:\Users\Lenovo\Downloads\rs2xml.jar;C:\Users\Lenovo\Documents\NetBeansProjects\Hotel Management System\build\classes
Launcher Type: SUN_STANDARD

[Global flags]
     intx CICompilerCount                          = 4                                         {product} {ergonomic}
     uint ConcGCThreads                            = 2                                         {product} {ergonomic}
     uint G1ConcRefinementThreads                  = 8                                         {product} {ergonomic}
   size_t G1HeapRegionSize                         = 1048576                                   {product} {ergonomic}
    uintx GCDrainStackTargetSize                   = 64                                        {product} {ergonomic}
   size_t InitialHeapSize                          = 132120576                                 {product} {ergonomic}
   size_t MarkStackSize                            = 4194304                                   {product} {ergonomic}
   size_t MaxHeapSize                              = 2095054848                                {product} {ergonomic}
   size_t MinHeapDeltaBytes                        = 1048576                                   {product} {ergonomic}
   size_t MinHeapSize                              = 8388608                                   {product} {ergonomic}
    uintx NonNMethodCodeHeapSize                   = 5839372                                {pd product} {ergonomic}
    uintx NonProfiledCodeHeapSize                  = 122909434                              {pd product} {ergonomic}
    uintx ProfiledCodeHeapSize                     = 122909434                              {pd product} {ergonomic}
    uintx ReservedCodeCacheSize                    = 251658240                              {pd product} {ergonomic}
     bool SegmentedCodeCache                       = true                                      {product} {ergonomic}
   size_t SoftMaxHeapSize                          = 2095054848                             {manageable} {ergonomic}
     bool UseCompressedClassPointers               = true                           {product lp64_product} {ergonomic}
     bool UseCompressedOops                        = true                           {product lp64_product} {ergonomic}
     bool UseG1GC                                  = true                                      {product} {ergonomic}
     bool UseLargePagesIndividualAllocation        = false                                  {pd product} {ergonomic}

Logging:
Log output configuration:
 #0: stdout all=warning uptime,level,tags
 #1: stderr all=off uptime,level,tags

Environment Variables:
PATH=C:\Python312\Scripts\;C:\Python312\;C:\Program Files\Common Files\Oracle\Java\javapath;C:\Program Files (x86)\Common Files\Oracle\Java\javapath;C:\Windows\system32;C:\Windows;C:\Windows\System32\Wbem;C:\Windows\System32\WindowsPowerShell\v1.0\;C:\Windows\System32\OpenSSH\;C:\Program Files (x86)\NVIDIA Corporation\PhysX\Common;C:\Program Files\CodeBlocks\MinGW\bin;C:\MinGW\bin;C:\WINDOWS\system32;C:\WINDOWS;C:\WINDOWS\System32\Wbem;C:\WINDOWS\System32\WindowsPowerShell\v1.0\;C:\WINDOWS\System32\OpenSSH\;C:\Program Files\Java\jdk-17\bin;C:\Program Files\nodejs\;C:\ProgramData\chocolatey\bin;C:\Program Files\NVIDIA Corporation\NVIDIA NvDLISR;C:\Program Files\Git\cmd;C:\Program Files\MySQL\MySQL Shell 8.0\bin\;C:\Users\Lenovo\AppData\Local\Microsoft\WindowsApps;C:\Users\Lenovo\AppData\Local\Programs\Microsoft VS Code\bin;C:\Users\Lenovo\AppData\Roaming\npm
USERNAME=Lenovo
OS=Windows_NT
PROCESSOR_IDENTIFIER=Intel64 Family 6 Model 140 Stepping 1, GenuineIntel



---------------  S Y S T E M  ---------------

OS:
 Windows 11 , 64 bit Build 22621 (10.0.22621.4391)
OS uptime: 0 days 16:30 hours

CPU: total 8 (initial active 8) (4 cores per cpu, 2 threads per core) family 6 model 140 stepping 1 microcode 0x8a, cx8, cmov, fxsr, ht, mmx, 3dnowpref, sse, sse2, sse3, ssse3, sse4.1, sse4.2, popcnt, lzcnt, tsc, tscinvbit, avx, avx2, aes, erms, clmul, bmi1, bmi2, adx, avx512f, avx512dq, avx512cd, avx512bw, avx512vl, sha, fma, vzeroupper, avx512_vpopcntdq, avx512_vpclmulqdq, avx512_vaes, avx512_vnni, clflush, clflushopt, clwb, avx512_vbmi2, avx512_vbmi

Memory: 4k page, system-wide physical 7991M (648M free)
TotalPageFile size 28831M (AvailPageFile size 38M)
current process WorkingSet (physical memory assigned to process): 11M, peak: 11M
current process commit charge ("private bytes"): 60M, peak: 186M

vm_info: Java HotSpot(TM) 64-Bit Server VM (17.0.8+9-LTS-211) for windows-amd64 JRE (17.0.8+9-LTS-211), built on Jun 14 2023 10:34:31 by "mach5one" with MS VC++ 17.1 (VS2022)

END.
